Build started 9/5/2015 18:26:04.
     1>Project "C:\Users\Θανάσης\documents\visual studio 2013\Projects\MultilayerPerceptron\MultilayerPerceptron\MultilayerPerceptron.vcxproj" on node 2 (Build target(s)).
     1>ClCompile:
         C:\Program Files (x86)\Microsoft Visual Studio 12.0\VC\bin\CL.exe /c /I"C:\Users\Θανάσης\Documents\Visual Studio 2013\Projects\MultilayerPerceptron\MultilayerPerceptron" /ZI /nologo /W3 /WX- /sdl /Od /Oy- /D WIN32 /D _DEBUG /D _CONSOLE /D _LIB /D _UNICODE /D UNICODE /Gm /EHsc /RTC1 /MDd /GS /fp:precise /Zc:wchar_t /Zc:forScope /Fo"Debug\\" /Fd"Debug\vc120.pdb" /Gd /TP /analyze- /errorReport:prompt MultilayerPerceptronNetwork.cpp Source.cpp
         Source.cpp
     1>c:\users\θανάσης\documents\visual studio 2013\projects\multilayerperceptron\multilayerperceptron\source.cpp(294): warning C4018: '<' : signed/unsigned mismatch
     1>c:\users\θανάσης\documents\visual studio 2013\projects\multilayerperceptron\multilayerperceptron\source.cpp(298): warning C4018: '<' : signed/unsigned mismatch
     1>c:\users\θανάσης\documents\visual studio 2013\projects\multilayerperceptron\multilayerperceptron\source.cpp(392): warning C4018: '<' : signed/unsigned mismatch
     1>c:\users\θανάσης\documents\visual studio 2013\projects\multilayerperceptron\multilayerperceptron\source.cpp(415): warning C4018: '<' : signed/unsigned mismatch
         MultilayerPerceptronNetwork.cpp
     1>c:\users\θανάσης\documents\visual studio 2013\projects\multilayerperceptron\multilayerperceptron\multilayerperceptronnetwork.h(88): warning C4244: '=' : conversion from 'double' to 'float', possible loss of data
     1>c:\users\θανάσης\documents\visual studio 2013\projects\multilayerperceptron\multilayerperceptron\multilayerperceptronnetwork.cpp(17): warning C4018: '<' : signed/unsigned mismatch
     1>c:\users\θανάσης\documents\visual studio 2013\projects\multilayerperceptron\multilayerperceptron\multilayerperceptronnetwork.cpp(30): warning C4018: '<' : signed/unsigned mismatch
     1>c:\users\θανάσης\documents\visual studio 2013\projects\multilayerperceptron\multilayerperceptron\multilayerperceptronnetwork.cpp(36): warning C4018: '<' : signed/unsigned mismatch
     1>c:\users\θανάσης\documents\visual studio 2013\projects\multilayerperceptron\multilayerperceptron\multilayerperceptronnetwork.cpp(47): warning C4018: '<' : signed/unsigned mismatch
     1>c:\users\θανάσης\documents\visual studio 2013\projects\multilayerperceptron\multilayerperceptron\multilayerperceptronnetwork.cpp(52): warning C4018: '<' : signed/unsigned mismatch
     1>c:\users\θανάσης\documents\visual studio 2013\projects\multilayerperceptron\multilayerperceptron\multilayerperceptronnetwork.cpp(55): warning C4018: '<' : signed/unsigned mismatch
     1>c:\users\θανάσης\documents\visual studio 2013\projects\multilayerperceptron\multilayerperceptron\multilayerperceptronnetwork.cpp(66): warning C4018: '<' : signed/unsigned mismatch
     1>c:\users\θανάσης\documents\visual studio 2013\projects\multilayerperceptron\multilayerperceptron\multilayerperceptronnetwork.cpp(69): warning C4018: '<' : signed/unsigned mismatch
     1>c:\users\θανάσης\documents\visual studio 2013\projects\multilayerperceptron\multilayerperceptron\multilayerperceptronnetwork.cpp(109): warning C4018: '<' : signed/unsigned mismatch
     1>c:\users\θανάσης\documents\visual studio 2013\projects\multilayerperceptron\multilayerperceptron\multilayerperceptronnetwork.cpp(111): warning C4018: '<' : signed/unsigned mismatch
     1>c:\users\θανάσης\documents\visual studio 2013\projects\multilayerperceptron\multilayerperceptron\multilayerperceptronnetwork.cpp(113): warning C4018: '<' : signed/unsigned mismatch
     1>c:\users\θανάσης\documents\visual studio 2013\projects\multilayerperceptron\multilayerperceptron\multilayerperceptronnetwork.cpp(126): warning C4018: '<' : signed/unsigned mismatch
     1>c:\users\θανάσης\documents\visual studio 2013\projects\multilayerperceptron\multilayerperceptron\multilayerperceptronnetwork.cpp(131): warning C4018: '<' : signed/unsigned mismatch
     1>c:\users\θανάσης\documents\visual studio 2013\projects\multilayerperceptron\multilayerperceptron\multilayerperceptronnetwork.cpp(136): warning C4018: '<' : signed/unsigned mismatch
     1>c:\users\θανάσης\documents\visual studio 2013\projects\multilayerperceptron\multilayerperceptron\multilayerperceptronnetwork.cpp(143): warning C4018: '<' : signed/unsigned mismatch
     1>c:\users\θανάσης\documents\visual studio 2013\projects\multilayerperceptron\multilayerperceptron\multilayerperceptronnetwork.cpp(146): warning C4018: '<' : signed/unsigned mismatch
     1>c:\users\θανάσης\documents\visual studio 2013\projects\multilayerperceptron\multilayerperceptron\multilayerperceptronnetwork.cpp(170): warning C4018: '<' : signed/unsigned mismatch
     1>c:\users\θανάσης\documents\visual studio 2013\projects\multilayerperceptron\multilayerperceptron\multilayerperceptronnetwork.cpp(179): warning C4018: '<' : signed/unsigned mismatch
     1>c:\users\θανάσης\documents\visual studio 2013\projects\multilayerperceptron\multilayerperceptron\multilayerperceptronnetwork.cpp(180): warning C4018: '<' : signed/unsigned mismatch
     1>c:\users\θανάσης\documents\visual studio 2013\projects\multilayerperceptron\multilayerperceptron\multilayerperceptronnetwork.cpp(181): warning C4018: '<' : signed/unsigned mismatch
     1>c:\users\θανάσης\documents\visual studio 2013\projects\multilayerperceptron\multilayerperceptron\multilayerperceptronnetwork.cpp(211): warning C4018: '<' : signed/unsigned mismatch
     1>c:\users\θανάσης\documents\visual studio 2013\projects\multilayerperceptron\multilayerperceptron\multilayerperceptronnetwork.cpp(217): warning C4018: '<' : signed/unsigned mismatch
     1>c:\users\θανάσης\documents\visual studio 2013\projects\multilayerperceptron\multilayerperceptron\multilayerperceptronnetwork.cpp(220): warning C4018: '<' : signed/unsigned mismatch
     1>c:\users\θανάσης\documents\visual studio 2013\projects\multilayerperceptron\multilayerperceptron\multilayerperceptronnetwork.cpp(224): warning C4018: '<' : signed/unsigned mismatch
     1>c:\users\θανάσης\documents\visual studio 2013\projects\multilayerperceptron\multilayerperceptron\multilayerperceptronnetwork.cpp(245): warning C4018: '<' : signed/unsigned mismatch
     1>c:\users\θανάσης\documents\visual studio 2013\projects\multilayerperceptron\multilayerperceptron\multilayerperceptronnetwork.cpp(246): warning C4018: '<' : signed/unsigned mismatch
     1>c:\users\θανάσης\documents\visual studio 2013\projects\multilayerperceptron\multilayerperceptron\multilayerperceptronnetwork.cpp(258): warning C4018: '<' : signed/unsigned mismatch
     1>c:\users\θανάσης\documents\visual studio 2013\projects\multilayerperceptron\multilayerperceptron\multilayerperceptronnetwork.cpp(268): warning C4018: '<' : signed/unsigned mismatch
     1>c:\users\θανάσης\documents\visual studio 2013\projects\multilayerperceptron\multilayerperceptron\multilayerperceptronnetwork.cpp(270): warning C4018: '<' : signed/unsigned mismatch
     1>c:\users\θανάσης\documents\visual studio 2013\projects\multilayerperceptron\multilayerperceptron\multilayerperceptronnetwork.cpp(282): warning C4018: '<' : signed/unsigned mismatch
     1>c:\users\θανάσης\documents\visual studio 2013\projects\multilayerperceptron\multilayerperceptron\multilayerperceptronnetwork.cpp(284): warning C4018: '<' : signed/unsigned mismatch
     1>c:\users\θανάσης\documents\visual studio 2013\projects\multilayerperceptron\multilayerperceptron\multilayerperceptronnetwork.cpp(286): warning C4018: '<' : signed/unsigned mismatch
     1>c:\users\θανάσης\documents\visual studio 2013\projects\multilayerperceptron\multilayerperceptron\multilayerperceptronnetwork.cpp(292): warning C4018: '<' : signed/unsigned mismatch
     1>c:\users\θανάσης\documents\visual studio 2013\projects\multilayerperceptron\multilayerperceptron\multilayerperceptronnetwork.cpp(315): warning C4244: '=' : conversion from 'double' to 'float', possible loss of data
     1>c:\users\θανάσης\documents\visual studio 2013\projects\multilayerperceptron\multilayerperceptron\multilayerperceptronnetwork.cpp(331): warning C4018: '<' : signed/unsigned mismatch
     1>c:\users\θανάσης\documents\visual studio 2013\projects\multilayerperceptron\multilayerperceptron\multilayerperceptronnetwork.cpp(360): warning C4018: '<' : signed/unsigned mismatch
         Generating Code...
       Link:
         C:\Program Files (x86)\Microsoft Visual Studio 12.0\VC\bin\link.exe /ERRORREPORT:PROMPT /OUT:"C:\Users\Θανάσης\documents\visual studio 2013\Projects\MultilayerPerceptron\Debug\MultilayerPerceptron.exe" /INCREMENTAL /NOLOGO kernel32.lib user32.lib gdi32.lib winspool.lib comdlg32.lib advapi32.lib shell32.lib ole32.lib oleaut32.lib uuid.lib odbc32.lib odbccp32.lib /MANIFEST /MANIFESTUAC:"level='asInvoker' uiAccess='false'" /manifest:embed /DEBUG /PDB:"C:\Users\Θανάσης\documents\visual studio 2013\Projects\MultilayerPerceptron\Debug\MultilayerPerceptron.pdb" /SUBSYSTEM:CONSOLE /TLBID:1 /DYNAMICBASE /NXCOMPAT /IMPLIB:"C:\Users\Θανάσης\documents\visual studio 2013\Projects\MultilayerPerceptron\Debug\MultilayerPerceptron.lib" /MACHINE:X86 Debug\MNIST_ifstream.obj
         Debug\MultilayerPerceptronNetwork.obj
         Debug\Source.obj
         MultilayerPerceptron.vcxproj -> C:\Users\Θανάσης\documents\visual studio 2013\Projects\MultilayerPerceptron\Debug\MultilayerPerceptron.exe
     1>Done Building Project "C:\Users\Θανάσης\documents\visual studio 2013\Projects\MultilayerPerceptron\MultilayerPerceptron\MultilayerPerceptron.vcxproj" (Build target(s)).

Build succeeded.

Time Elapsed 00:00:01.64
