Build started 5/6/2015 03:40:31.
     1>Project "C:\Users\Θανάσης\Documents\Visual Studio 2013\Projects\MultilayerPerceptron\MultilayerPerceptron\MultilayerPerceptron.vcxproj" on node 2 (Build target(s)).
     1>ClCompile:
         C:\Program Files (x86)\Microsoft Visual Studio 12.0\VC\bin\CL.exe /c /I"C:\Users\Θανάσης\Documents\Visual Studio 2013\Projects\MultilayerPerceptron\MultilayerPerceptron" /Zi /nologo /W3 /WX- /sdl /O2 /Oi /Oy- /GL /D WIN32 /D NDEBUG /D _CONSOLE /D _LIB /D _UNICODE /D UNICODE /Gm- /EHsc /MD /GS /Gy /fp:precise /Zc:wchar_t /Zc:forScope /Fo"Release\\" /Fd"Release\vc120.pdb" /Gd /TP /analyze- /errorReport:prompt Source.cpp
         Source.cpp
     1>C:\Users\Θανάσης\Documents\Visual Studio 2013\Projects\MultilayerPerceptron\MultilayerPerceptron\MNIST_ifstream.h(107): warning C4018: '<' : signed/unsigned mismatch
     1>C:\Users\Θανάσης\Documents\Visual Studio 2013\Projects\MultilayerPerceptron\MultilayerPerceptron\MNIST_ifstream.h(111): warning C4018: '<' : signed/unsigned mismatch
     1>Source.cpp(154): warning C4018: '<' : signed/unsigned mismatch
     1>Source.cpp(166): warning C4018: '<' : signed/unsigned mismatch
     1>Source.cpp(274): warning C4018: '<' : signed/unsigned mismatch
     1>Source.cpp(280): warning C4018: '<' : signed/unsigned mismatch
     1>Source.cpp(459): warning C4018: '<' : signed/unsigned mismatch
     1>Source.cpp(517): warning C4018: '<' : signed/unsigned mismatch
     1>Source.cpp(544): warning C4018: '<' : signed/unsigned mismatch
     1>Source.cpp(594): warning C4018: '<' : signed/unsigned mismatch
     1>Source.cpp(597): warning C4018: '<' : signed/unsigned mismatch
       Link:
         C:\Program Files (x86)\Microsoft Visual Studio 12.0\VC\bin\link.exe /ERRORREPORT:PROMPT /OUT:"C:\Users\Θανάσης\Documents\Visual Studio 2013\Projects\MultilayerPerceptron\Release\MultilayerPerceptron.exe" /INCREMENTAL:NO /NOLOGO kernel32.lib user32.lib gdi32.lib winspool.lib comdlg32.lib advapi32.lib shell32.lib ole32.lib oleaut32.lib uuid.lib odbc32.lib odbccp32.lib /MANIFEST /MANIFESTUAC:"level='asInvoker' uiAccess='false'" /manifest:embed /DEBUG /PDB:"C:\Users\Θανάσης\Documents\Visual Studio 2013\Projects\MultilayerPerceptron\Release\MultilayerPerceptron.pdb" /SUBSYSTEM:CONSOLE /OPT:REF /OPT:ICF /LTCG /TLBID:1 /DYNAMICBASE /NXCOMPAT /IMPLIB:"C:\Users\Θανάσης\Documents\Visual Studio 2013\Projects\MultilayerPerceptron\Release\MultilayerPerceptron.lib" /MACHINE:X86 /SAFESEH Release\MNIST_ifstream.obj
         Release\MultilayerPerceptronNetwork.obj
         Release\Source.obj
         Generating code
         Finished generating code
         MultilayerPerceptron.vcxproj -> C:\Users\Θανάσης\Documents\Visual Studio 2013\Projects\MultilayerPerceptron\Release\MultilayerPerceptron.exe
     1>Done Building Project "C:\Users\Θανάσης\Documents\Visual Studio 2013\Projects\MultilayerPerceptron\MultilayerPerceptron\MultilayerPerceptron.vcxproj" (Build target(s)).

Build succeeded.

Time Elapsed 00:00:02.29
